<?xml version="1.0" encoding="UTF-8"?>
<!-- Generated by org.testng.reporters.JUnitReportReporter -->
<testsuite skipped="3" hostname="LAPTOP-HL4REAJM" name="testClass.TestValid_1" tests="3" failures="0" timestamp="2020-11-06T10:36:05 IST" time="0.000" errors="0">
  <testcase name="VerifyinvalidData" time="0.000" classname="testClass.TestValid_1">
    <skipped/>
  </testcase> <!-- VerifyinvalidData -->
  <system-out/>
  <testcase name="VerifyinvalidData" time="0.000" classname="testClass.TestValid_1">
    <skipped/>
  </testcase> <!-- VerifyinvalidData -->
  <system-out/>
  <testcase name="VerifyinvalidData" time="0.000" classname="testClass.TestValid_1">
    <skipped/>
  </testcase> <!-- VerifyinvalidData -->
  <system-out/>
</testsuite> <!-- testClass.TestValid_1 -->
