<?xml version="1.0" encoding="UTF-8"?>
<!-- Generated by org.testng.reporters.JUnitReportReporter -->
<testsuite skipped="0" hostname="LAPTOP-HL4REAJM" name="testClass.TestInvalid_1" tests="4" failures="0" timestamp="2020-11-06T12:14:49 IST" time="26.579" errors="0">
  <testcase name="VerifyinvalidData" time="1.505" classname="testClass.TestInvalid_1"/>
  <system-out/>
  <testcase name="VerifyinvalidData" time="0.894" classname="testClass.TestInvalid_1"/>
  <system-out/>
  <testcase name="VerifyinvalidData" time="11.417" classname="testClass.TestInvalid_1"/>
  <system-out/>
  <testcase name="VerifyinvalidData" time="12.763" classname="testClass.TestInvalid_1"/>
  <system-out/>
</testsuite> <!-- testClass.TestInvalid_1 -->
